[main] INFO  dataDrivenTesting.ExcelReading.FireFoxDataDriven  - ..............This is Data driven test Start
[main] INFO  dataDrivenTesting.ExcelReading.FireFoxDataDriven  - .................Signout Complete.....................
[main] INFO  dataDrivenTesting.ExcelReading.FireFoxDataDriven  - ..............This is Data driven test Start
[main] INFO  dataDrivenTesting.ExcelReading.FireFoxDataDriven  - ..............This is Data driven test Start
[main] INFO  dataDrivenTesting.ExcelReading.FireFoxDataDriven  - .................Signout Complete.....................
[main] INFO  dataDrivenTesting.ExcelReading.FireFoxDataDriven  - .................Inside For loop.....................
[main] INFO  dataDrivenTesting.ExcelReading.FireFoxDataDriven  - ..............This is Data driven test Start
[main] INFO  dataDrivenTesting.ExcelReading.FireFoxDataDriven  - ..............This is Data driven test Start
[main] INFO  dataDrivenTesting.ExcelReading.FireFoxDataDriven  - ..............This is Data driven test Start
[main] INFO  dataDrivenTesting.ExcelReading.FireFoxDataDriven  - ..............This is Data driven test Start
[main] INFO  dataDrivenTesting.ExcelReading.FireFoxDataDriven  - ..............This is Data driven test Start
[main] INFO  dataDrivenTesting.ExcelReading.FireFoxDataDriven  - .................Signout Complete.....................
[main] INFO  dataDrivenTesting.ExcelReading.FireFoxDataDriven  - .................Inside For loop.....................
[main] INFO  dataDrivenTesting.ExcelReading.FireFoxDataDriven  - ..............This is Data driven test Start
[main] INFO  dataDrivenTesting.ExcelReading.FireFoxDataDriven  - .................Signout Complete.....................
[main] INFO  dataDrivenTesting.ExcelReading.FireFoxDataDriven  - .................Inside For loop.....................
[main] INFO  dataDrivenTesting.ExcelReading.FireFoxDataDriven  - ..............This is Data driven test Start
[main] INFO  dataDrivenTesting.ExcelReading.FireFoxDataDriven  - .................Signout Complete.....................
[main] INFO  dataDrivenTesting.ExcelReading.FireFoxDataDriven  - .................Inside For loop.....................
[main] INFO  dataDrivenTesting.ExcelReading.FireFoxDataDriven  - .................Inside For loop.....................
[main] INFO  dataDrivenTesting.ExcelReading.FireFoxDataDriven  - .................Inside For loop.....................
[main] INFO  dataDrivenTesting.ExcelReading.FireFoxDataDriven  - .................Inside For loop.....................
[main] INFO  dataDrivenTesting.ExcelReading.FireFoxDataDriven  - .................Inside For loop.....................
[main] INFO  dataDrivenTesting.ExcelReading.FireFoxDataDriven  - .................Inside For loop.....................
[main] INFO  dataDrivenTesting.ExcelReading.FireFoxDataDriven  - .................Inside For loop.....................
[main] INFO  dataDrivenTesting.ExcelReading.FireFoxDataDriven  - ..............This is Data driven test Start
[main] INFO  dataDrivenTesting.ExcelReading.FireFoxDataDriven  - ..............This is Data driven test Start
[main] INFO  dataDrivenTesting.ExcelReading.FireFoxDataDriven  - ..............This is Data driven test Start
[main] INFO  dataDrivenTesting.ExcelReading.FireFoxDataDriven  - ..............This is Data driven test Start
[main] INFO  dataDrivenTesting.ExcelReading.FireFoxDataDriven  - ..............This is Data driven test Start
[main] INFO  dataDrivenTesting.ExcelReading.FireFoxDataDriven  - .................Signout Complete.....................
[main] INFO  dataDrivenTesting.ExcelReading.FireFoxDataDriven  - .................Inside For loop.....................
[main] INFO  dataDrivenTesting.ExcelReading.FireFoxDataDriven  - .................Inside For loop.....................
[main] INFO  dataDrivenTesting.ExcelReading.FireFoxDataDriven  - .................Inside For loop.....................
[main] INFO  dataDrivenTesting.ExcelReading.FireFoxDataDriven  - .................Inside For loop.....................
[main] INFO  dataDrivenTesting.ExcelReading.FireFoxDataDriven  - .................Inside For loop.....................
[main] INFO  dataDrivenTesting.ExcelReading.FireFoxDataDriven  - .................Inside For loop.....................
[main] INFO  dataDrivenTesting.ExcelReading.FireFoxDataDriven  - .................Inside For loop.....................
[main] INFO  dataDrivenTesting.ExcelReading.FireFoxDataDriven  - ..............This is Data driven test Start
[main] INFO  dataDrivenTesting.ExcelReading.FireFoxDataDriven  - .................Signout Complete.....................
[main] INFO  dataDrivenTesting.ExcelReading.FireFoxDataDriven  - .................Inside For loop.....................
[main] INFO  dataDrivenTesting.ExcelReading.FireFoxDataDriven  - .................Inside For loop.....................
[main] INFO  dataDrivenTesting.ExcelReading.FireFoxDataDriven  - .................Inside For loop.....................
[main] INFO  dataDrivenTesting.ExcelReading.FireFoxDataDriven  - .................Inside For loop.....................
[main] INFO  dataDrivenTesting.ExcelReading.FireFoxDataDriven  - .................Inside For loop.....................
[main] INFO  dataDrivenTesting.ExcelReading.FireFoxDataDriven  - .................Inside For loop.....................
[main] INFO  dataDrivenTesting.ExcelReading.FireFoxDataDriven  - .................Inside For loop.....................
[main] INFO  dataDrivenTesting.ExcelReading.FireFoxDataDriven  - ..............This is Data driven test Start
[main] INFO  dataDrivenTesting.ExcelReading.FireFoxDataDriven  - ......................This is Title......................Inbox (19,285) - manvir.singh.parmar@gmail.com - Gmail
[main] INFO  dataDrivenTesting.ExcelReading.FireFoxDataDriven  - .................Signout Complete.....................
[main] INFO  dataDrivenTesting.ExcelReading.FireFoxDataDriven  - .................Inside For loop.....................
[main] INFO  dataDrivenTesting.ExcelReading.FireFoxDataDriven  - ..............This is Data driven test Start
[main] INFO  dataDrivenTesting.ExcelReading.FireFoxDataDriven  - ..............This is Data driven test Start
[main] INFO  dataDrivenTesting.ExcelReading.FireFoxDataDriven  - ......................This is Title......................Inbox (19,285) - manvir.singh.parmar@gmail.com - Gmail
[main] INFO  dataDrivenTesting.ExcelReading.FireFoxDataDriven  - .................Inside For loop.....................
[main] INFO  dataDrivenTesting.ExcelReading.FireFoxDataDriven  - .................Signout Complete.....................
[main] INFO  dataDrivenTesting.ExcelReading.FireFoxDataDriven  - ..............This is Data driven test Start
[main] INFO  dataDrivenTesting.ExcelReading.FireFoxDataDriven  - ......................This is Title......................Gmail
[main] INFO  dataDrivenTesting.ExcelReading.FireFoxDataDriven  - ..............This is Data driven test Start
[main] INFO  dataDrivenTesting.ExcelReading.FireFoxDataDriven  - ......................This is Title......................Inbox (5,307) - sshaminder94@gmail.com - Gmail
[main] INFO  dataDrivenTesting.ExcelReading.FireFoxDataDriven  - .................Signout Complete.....................
[main] INFO  dataDrivenTesting.ExcelReading.FireFoxDataDriven  - ..............This is Data driven test Start
[main] INFO  dataDrivenTesting.ExcelReading.FireFoxDataDriven  - ......................This is Title......................Inbox (199) - shaminderca1991@gmail.com - Gmail
[main] INFO  dataDrivenTesting.ExcelReading.FireFoxDataDriven  - .................Signout Complete.....................
[main] INFO  dataDrivenTesting.ExcelReading.FireFoxDataDriven  - ..............This is Data driven test Start
[main] INFO  dataDrivenTesting.ExcelReading.FireFoxDataDriven  - ......................This is Title......................
[main] INFO  dataDrivenTesting.ExcelReading.FireFoxDataDriven  - .................Signout Complete.....................
[main] INFO  dataDrivenTesting.ExcelReading.FireFoxDataDriven  - ..............This is Data driven test Start
[main] INFO  dataDrivenTesting.ExcelReading.FireFoxDataDriven  - ..............This is Data driven test Start
[main] INFO  dataDrivenTesting.ExcelReading.FireFoxDataDriven  - ......................This is Title......................
[main] INFO  dataDrivenTesting.ExcelReading.FireFoxDataDriven  - .................Signout Complete.....................
[main] INFO  dataDrivenTesting.ExcelReading.FireFoxDataDriven  - ..............This is Data driven test Start
[main] INFO  dataDrivenTesting.ExcelReading.FireFoxDataDriven  - ......................This is Title......................
[main] INFO  dataDrivenTesting.ExcelReading.FireFoxDataDriven  - .................Signout Complete.....................
[main] INFO  dataDrivenTesting.ExcelReading.FireFoxDataDriven  - ..............This is Data driven test Start
[main] INFO  dataDrivenTesting.ExcelReading.FireFoxDataDriven  - ......................This is Title......................Inbox (19,285) - manvir.singh.parmar@gmail.com - Gmail
[main] INFO  dataDrivenTesting.ExcelReading.FireFoxDataDriven  - .................Inside For loop.....................
[main] INFO  dataDrivenTesting.ExcelReading.FireFoxDataDriven  - .................Inside For loop.....................
[main] INFO  dataDrivenTesting.ExcelReading.FireFoxDataDriven  - .................Inside For loop.....................
[main] INFO  dataDrivenTesting.ExcelReading.FireFoxDataDriven  - .................Signout Complete.....................
[main] INFO  dataDrivenTesting.ExcelReading.FireFoxDataDriven  - ..............This is Data driven test Start
[main] INFO  dataDrivenTesting.ExcelReading.FireFoxDataDriven  - ......................This is Title......................Gmail
[main] INFO  dataDrivenTesting.ExcelReading.FireFoxDataDriven  - .................Inside For loop.....................
[main] INFO  dataDrivenTesting.ExcelReading.FireFoxDataDriven  - .................Inside For loop.....................
[main] INFO  dataDrivenTesting.ExcelReading.FireFoxDataDriven  - .................Inside For loop.....................
[main] INFO  dataDrivenTesting.ExcelReading.FireFoxDataDriven  - ..............This is Data driven test Start
[main] INFO  dataDrivenTesting.ExcelReading.FireFoxDataDriven  - ......................This is Title......................Inbox (199) - shaminderca1991@gmail.com - Gmail
[main] INFO  dataDrivenTesting.ExcelReading.FireFoxDataDriven  - .................Inside For loop.....................
[main] INFO  dataDrivenTesting.ExcelReading.FireFoxDataDriven  - .................Inside For loop.....................
[main] INFO  dataDrivenTesting.ExcelReading.FireFoxDataDriven  - .................Inside For loop.....................
[main] INFO  dataDrivenTesting.ExcelReading.FireFoxDataDriven  - .................Signout Complete.....................
[main] INFO  dataDrivenTesting.ExcelReading.FireFoxDataDriven  - ..............This is Data driven test Start
[main] INFO  dataDrivenTesting.ExcelReading.FireFoxDataDriven  - .................Signout Complete.....................
[main] INFO  dataDrivenTesting.ExcelReading.FireFoxDataDriven  - ..............This is Data driven test Start
[main] INFO  dataDrivenTesting.ExcelReading.FireFoxDataDriven  - ..............This is Data driven test Start
[main] INFO  dataDrivenTesting.ExcelReading.FireFoxDataDriven  - .................Signout Complete.....................
[main] INFO  dataDrivenTesting.ExcelReading.FireFoxDataDriven  - ..............This is Data driven test Start
[main] INFO  dataDrivenTesting.ExcelReading.FireFoxDataDriven  - .................Signout Complete.....................
[main] INFO  dataDrivenTesting.ExcelReading.FireFoxDataDriven  - ..............This is Data driven test Start
[main] INFO  dataDrivenTesting.ExcelReading.FireFoxDataDriven  - ..............This is Data driven test Start
[main] INFO  dataDrivenTesting.ExcelReading.FireFoxDataDriven  - .................Signout Complete.....................
[main] INFO  dataDrivenTesting.ExcelReading.FireFoxDataDriven  - ..............This is Data driven test Start
[main] INFO  dataDrivenTesting.ExcelReading.FireFoxDataDriven  - .................Signout Complete.....................
[main] INFO  dataDrivenTesting.ExcelReading.FireFoxDataDriven  - ..............This is Data driven test Start
[main] INFO  dataDrivenTesting.ExcelReading.FireFoxDataDriven  - ..............This is Data driven test Start
[main] INFO  dataDrivenTesting.ExcelReading.FireFoxDataDriven  - .................Signout Complete.....................
[main] INFO  dataDrivenTesting.ExcelReading.FireFoxDataDriven  - ..............This is Data driven test Start
[main] INFO  dataDrivenTesting.ExcelReading.FireFoxDataDriven  - ..............This is Data driven test Start
[main] INFO  dataDrivenTesting.ExcelReading.FireFoxDataDriven  - .................Signout Complete.....................
[main] INFO  dataDrivenTesting.ExcelReading.FireFoxDataDriven  - ......................This is Title......................Gmail
[main] INFO  dataDrivenTesting.ExcelReading.FireFoxDataDriven  - .................Inside For loop.....................
[main] INFO  dataDrivenTesting.ExcelReading.FireFoxDataDriven  - ..............This is Data driven test Start
[main] INFO  dataDrivenTesting.ExcelReading.FireFoxDataDriven  - ......................This is Title......................Inbox (19,286) - manvir.singh.parmar@gmail.com - Gmail
[main] INFO  dataDrivenTesting.ExcelReading.FireFoxDataDriven  - .................Inside For loop.....................
[main] INFO  dataDrivenTesting.ExcelReading.FireFoxDataDriven  - .................Inside For loop.....................
[main] INFO  dataDrivenTesting.ExcelReading.FireFoxDataDriven  - .................Inside For loop.....................
[main] INFO  dataDrivenTesting.ExcelReading.FireFoxDataDriven  - .................Signout Complete.....................
[main] INFO  dataDrivenTesting.ExcelReading.FireFoxDataDriven  - ..............This is Data driven test Start
[main] INFO  dataDrivenTesting.ExcelReading.FireFoxDataDriven  - ......................This is Title......................Inbox (200) - shaminderca1991@gmail.com - Gmail
[main] INFO  dataDrivenTesting.ExcelReading.FireFoxDataDriven  - .................Inside For loop.....................
[main] INFO  dataDrivenTesting.ExcelReading.FireFoxDataDriven  - .................Inside For loop.....................
[main] INFO  dataDrivenTesting.ExcelReading.FireFoxDataDriven  - .................Inside For loop.....................
[main] INFO  dataDrivenTesting.ExcelReading.FireFoxDataDriven  - .................Signout Complete.....................
[main] INFO  dataDrivenTesting.ExcelReading.FireFoxDataDriven  - ..............This is Data driven test Start
[main] INFO  dataDrivenTesting.ExcelReading.FireFoxDataDriven  - ......................This is Title......................Gmail
[main] INFO  dataDrivenTesting.ExcelReading.FireFoxDataDriven  - .................Inside For loop.....................
[main] INFO  dataDrivenTesting.ExcelReading.FireFoxDataDriven  - .................Inside For loop.....................
[main] INFO  dataDrivenTesting.ExcelReading.FireFoxDataDriven  - .................Inside For loop.....................
[main] INFO  dataDrivenTesting.ExcelReading.FireFoxDataDriven  - ..............This is Data driven test Start
[main] INFO  dataDrivenTesting.ExcelReading.FireFoxDataDriven  - ......................This is Title......................Inbox (19,286) - manvir.singh.parmar@gmail.com - Gmail
[main] INFO  dataDrivenTesting.ExcelReading.FireFoxDataDriven  - .................Inside For loop.....................
[main] INFO  dataDrivenTesting.ExcelReading.FireFoxDataDriven  - .................Inside For loop.....................
[main] INFO  dataDrivenTesting.ExcelReading.FireFoxDataDriven  - .................Inside For loop.....................
[main] INFO  dataDrivenTesting.ExcelReading.FireFoxDataDriven  - .................Signout Complete.....................
[main] INFO  dataDrivenTesting.ExcelReading.FireFoxDataDriven  - ..............This is Data driven test Start
[main] INFO  dataDrivenTesting.ExcelReading.FireFoxDataDriven  - ......................This is Title......................Inbox (200) - shaminderca1991@gmail.com - Gmail
[main] INFO  dataDrivenTesting.ExcelReading.FireFoxDataDriven  - .................Inside For loop.....................
[main] INFO  dataDrivenTesting.ExcelReading.FireFoxDataDriven  - .................Inside For loop.....................
[main] INFO  dataDrivenTesting.ExcelReading.FireFoxDataDriven  - .................Inside For loop.....................
[main] INFO  dataDrivenTesting.ExcelReading.FireFoxDataDriven  - .................Signout Complete.....................
[main] INFO  dataDrivenTesting.ExcelReading.FireFoxDataDriven  - ..............This is Data driven test Start
[main] INFO  dataDrivenTesting.ExcelReading.FireFoxDataDriven  - ......................This is Title......................Gmail
[main] INFO  dataDrivenTesting.ExcelReading.FireFoxDataDriven  - .................Inside For loop.....................
[main] INFO  dataDrivenTesting.ExcelReading.FireFoxDataDriven  - .................Inside For loop.....................
[main] INFO  dataDrivenTesting.ExcelReading.FireFoxDataDriven  - .................Inside For loop.....................
[main] INFO  dataDrivenTesting.ExcelReading.FireFoxDataDriven  - ..............This is Data driven test Start
[main] INFO  dataDrivenTesting.ExcelReading.FireFoxDataDriven  - ..............This is Data driven test Start
[main] INFO  dataDrivenTesting.ExcelReading.FireFoxDataDriven  - ......................This is Title......................Inbox (19,339) - manvir.singh.parmar@gmail.com - Gmail
[main] INFO  dataDrivenTesting.ExcelReading.FireFoxDataDriven  - .................Inside For loop.....................
[main] INFO  dataDrivenTesting.ExcelReading.FireFoxDataDriven  - .................Inside For loop.....................
[main] INFO  dataDrivenTesting.ExcelReading.FireFoxDataDriven  - .................Inside For loop.....................
[main] INFO  dataDrivenTesting.ExcelReading.FireFoxDataDriven  - .................Signout Complete.....................
[main] INFO  dataDrivenTesting.ExcelReading.FireFoxDataDriven  - ..............This is Data driven test Start
[main] INFO  dataDrivenTesting.ExcelReading.FireFoxDataDriven  - ......................This is Title......................Inbox (212) - shaminderca1991@gmail.com - Gmail
[main] INFO  dataDrivenTesting.ExcelReading.FireFoxDataDriven  - .................Inside For loop.....................
[main] INFO  dataDrivenTesting.ExcelReading.FireFoxDataDriven  - .................Inside For loop.....................
[main] INFO  dataDrivenTesting.ExcelReading.FireFoxDataDriven  - .................Inside For loop.....................
[main] INFO  dataDrivenTesting.ExcelReading.FireFoxDataDriven  - .................Signout Complete.....................
[main] INFO  dataDrivenTesting.ExcelReading.FireFoxDataDriven  - ..............This is Data driven test Start
[main] INFO  dataDrivenTesting.ExcelReading.FireFoxDataDriven  - ..............This is Data driven test Start
[main] INFO  dataDrivenTesting.ExcelReading.FireFoxDataDriven  - ......................This is Title......................Inbox (19,340) - manvir.singh.parmar@gmail.com - Gmail
[main] INFO  dataDrivenTesting.ExcelReading.FireFoxDataDriven  - .................Inside For loop.....................
[main] INFO  dataDrivenTesting.ExcelReading.FireFoxDataDriven  - .................Inside For loop.....................
[main] INFO  dataDrivenTesting.ExcelReading.FireFoxDataDriven  - .................Inside For loop.....................
[main] INFO  dataDrivenTesting.ExcelReading.FireFoxDataDriven  - .................Signout Complete.....................
[main] INFO  dataDrivenTesting.ExcelReading.FireFoxDataDriven  - ..............This is Data driven test Start
[main] INFO  dataDrivenTesting.ExcelReading.FireFoxDataDriven  - ......................This is Title......................Inbox (212) - shaminderca1991@gmail.com - Gmail
[main] INFO  dataDrivenTesting.ExcelReading.FireFoxDataDriven  - .................Inside For loop.....................
[main] INFO  dataDrivenTesting.ExcelReading.FireFoxDataDriven  - .................Inside For loop.....................
[main] INFO  dataDrivenTesting.ExcelReading.FireFoxDataDriven  - .................Inside For loop.....................
[main] INFO  dataDrivenTesting.ExcelReading.FireFoxDataDriven  - .................Signout Complete.....................
[main] INFO  dataDrivenTesting.ExcelReading.FireFoxDataDriven  - ..............This is Data driven test Start
[main] INFO  dataDrivenTesting.ExcelReading.FireFoxDataDriven  - ......................This is Title......................Gmail
[main] INFO  dataDrivenTesting.ExcelReading.FireFoxDataDriven  - .................Inside For loop.....................
[main] INFO  dataDrivenTesting.ExcelReading.FireFoxDataDriven  - .................Inside For loop.....................
[main] INFO  dataDrivenTesting.ExcelReading.FireFoxDataDriven  - .................Inside For loop.....................
